Removed Member From Class: ClassName=SDM30 Member=*
Add Component: Footprint Not Found SDM30
Added Component: Designator=J1(4 pin terminal 5 mm)
Add component (AddParameter): Name = "Manufacturer"; Value = ""; VariantName = "[No Variations]"
Add component (AddParameter): Name = "Order Code"; Value = ""; VariantName = "[No Variations]"
Add component (AddParameter): Name = "Part Number"; Value = ""; VariantName = "[No Variations]"
Add component (AddParameter): Name = "Supplier"; Value = ""; VariantName = "[No Variations]"
Add component (AddParameter): Name = "Value"; Value = "4 pin"; VariantName = "[No Variations]"
Added Component: Designator=J2(4 pin terminal 5 mm)
Add component (AddParameter): Name = "Manufacturer"; Value = ""; VariantName = "[No Variations]"
Add component (AddParameter): Name = "Order Code"; Value = ""; VariantName = "[No Variations]"
Add component (AddParameter): Name = "Part Number"; Value = ""; VariantName = "[No Variations]"
Add component (AddParameter): Name = "Supplier"; Value = ""; VariantName = "[No Variations]"
Add component (AddParameter): Name = "Value"; Value = "4 pin"; VariantName = "[No Variations]"
Added Pin To Net: NetName=NetDC1_1 Pin=J1-1
Added Pin To Net: NetName=NetDC1_1 Pin=J1-2
Added Net: Name=NetDC1_1
Added Pin To Net: NetName=NetDC1_2 Pin=J1-3
Added Pin To Net: NetName=NetDC1_2 Pin=J1-4
Added Net: Name=NetDC1_2
Added Pin To Net: NetName=NetDC1_6 Pin=J2-3
Added Pin To Net: NetName=NetDC1_6 Pin=J2-4
Added Net: Name=NetDC1_6
Added Pin To Net: NetName=NetDC1_7 Pin=J2-1
Added Pin To Net: NetName=NetDC1_7 Pin=J2-2
Added Net: Name=NetDC1_7
Add Class Member: Failed to add class member : Component DC1 SDM30-24S12
Added Member To Class: ClassName=SDM30 Member=Component J1 4 pin
Added Member To Class: ClassName=SDM30 Member=Component J2 4 pin
