Removed Pin From Net: NetName=middle Pin=C1-1
Removed Pin From Net: NetName=RFIN Pin=C1-2
Removed Pin From Net: NetName=middle Pin=C2-1
Removed Pin From Net: NetName=RFOUT Pin=C2-2
Removed Member From Class: ClassName=filter pcb Member=C1
Removed Member From Class: ClassName=filter pcb Member=C2
Added Component: Designator=C?(C1206)
Add component (AddParameter): Name = "LatestRevisionDate"; Value = "29-May-2009"; VariantName = "[No Variations]"
Add component (AddParameter): Name = "LatestRevisionNote"; Value = "IPC-7351 Footprint Added."; VariantName = "[No Variations]"
Add component (AddParameter): Name = "PackageDescription"; Value = "Chip Capacitor"; VariantName = "[No Variations]"
Add component (AddParameter): Name = "PackageReference"; Value = "C1206"; VariantName = "[No Variations]"
Add component (AddParameter): Name = "Published"; Value = "8-Jun-2000"; VariantName = "[No Variations]"
Add component (AddParameter): Name = "Publisher"; Value = "Altium Limited"; VariantName = "[No Variations]"
Add component (AddParameter): Name = "Value"; Value = "100pF"; VariantName = "[No Variations]"
Added Component: Designator=C?(C1206)
Add component (AddParameter): Name = "LatestRevisionDate"; Value = "29-May-2009"; VariantName = "[No Variations]"
Add component (AddParameter): Name = "LatestRevisionNote"; Value = "IPC-7351 Footprint Added."; VariantName = "[No Variations]"
Add component (AddParameter): Name = "PackageDescription"; Value = "Chip Capacitor"; VariantName = "[No Variations]"
Add component (AddParameter): Name = "PackageReference"; Value = "C1206"; VariantName = "[No Variations]"
Add component (AddParameter): Name = "Published"; Value = "8-Jun-2000"; VariantName = "[No Variations]"
Add component (AddParameter): Name = "Publisher"; Value = "Altium Limited"; VariantName = "[No Variations]"
Add component (AddParameter): Name = "Value"; Value = "100pF"; VariantName = "[No Variations]"
Added Pin To Net: NetName=middle Pin=C?-1
Added Pin To Net: NetName=middle Pin=C?-1
Added Pin To Net: NetName=RFIN Pin=C?-2
Added Pin To Net: NetName=RFOUT Pin=C?-2
Added Member To Class: ClassName=filter pcb Member=Component C? Cap Semi
Added Member To Class: ClassName=filter pcb Member=Component C? Cap Semi
Added Room: Name=filter pcb
