Removed Member From Class: ClassName=INA219 Member=C5
Removed Member From Class: ClassName=INA219 Member=C6
Removed Member From Class: ClassName=INA219 Member=C9
Removed Member From Class: ClassName=INA219 Member=C10
Removed Member From Class: ClassName=INA219 Member=C11
Removed Member From Class: ClassName=INA219 Member=C12
Removed Member From Class: ClassName=INA219 Member=C13
Removed Member From Class: ClassName=INA219 Member=C14
Removed Member From Class: ClassName=INA219 Member=C15
Removed Member From Class: ClassName=INA219 Member=C16
Removed Member From Class: ClassName=INA219 Member=IC1
Removed Member From Class: ClassName=INA219 Member=IC4
Removed Member From Class: ClassName=INA219 Member=IC5
Removed Member From Class: ClassName=INA219 Member=IC6
Removed Member From Class: ClassName=INA219 Member=IC7
Removed Member From Class: ClassName=INA219 Member=R3
Removed Member From Class: ClassName=INA219 Member=R4
Removed Member From Class: ClassName=INA219 Member=R5
Removed Member From Class: ClassName=INA219 Member=R6
Removed Member From Class: ClassName=INA219 Member=R7
Removed Member From Class: ClassName=INA219 Member=R8
Removed Member From Class: ClassName=INA219 Member=R9
Removed Member From Class: ClassName=INA219 Member=R10
Removed Member From Class: ClassName=INA219 Member=R11
Removed Member From Class: ClassName=INA219 Member=R12
Removed Member From Class: ClassName=INA219 Member=R13
Removed Member From Class: ClassName=INA219 Member=R14
Removed Member From Class: ClassName=INA219 Member=R15
Removed Member From Class: ClassName=INA219 Member=R16
Removed Member From Class: ClassName=INA219 Member=R17
Removed Member From Class: ClassName=INA219 Member=R18
Removed Member From Class: ClassName=INA219 Member=R19
Removed Member From Class: ClassName=INA219 Member=R20
Removed Member From Class: ClassName=INA219 Member=R21
Removed Member From Class: ClassName=INA219 Member=R22
Removed Member From Class: ClassName=INA219 Member=R23
Removed Member From Class: ClassName=INA219 Member=R24
Removed Member From Class: ClassName=INA219 Member=R25
Removed Member From Class: ClassName=INA219 Member=R26
Removed Member From Class: ClassName=INA219 Member=R27
Added Pin To Net: NetName=NetIC1_3 Pin=IC1-4
Added Pin To Net: NetName=NetIC1_3 Pin=IC4-4
Added Pin To Net: NetName=NetIC1_3 Pin=IC5-2
Added Pin To Net: NetName=NetIC1_3 Pin=IC5-4
Added Pin To Net: NetName=NetIC1_3 Pin=IC6-4
Added Pin To Net: NetName=NetIC1_3 Pin=IC7-4
Added Pin To Net: NetName=NetIC1_3 Pin=IC8-2
Added Pin To Net: NetName=NetIC1_3 Pin=IC8-4
Added Pin To Net: NetName=NetIC1_3 Pin=J?-5
Added Pin To Net: NetName=NetIC1_3 Pin=R4-1
Added Pin To Net: NetName=NetIC1_3 Pin=R9-1
Added Pin To Net: NetName=NetIC1_3 Pin=R14-1
Added Pin To Net: NetName=NetIC1_3 Pin=R19-1
Added Pin To Net: NetName=NetIC1_3 Pin=R24-1
Added Pin To Net: NetName=NetIC1_3 Pin=R29-1
Change Net Name : Old Net Name=NetIC1_3 New Net Name=SDA
Add Net: Net with name "GND" already exists
Add Net: Net with name "GND" already exists
Add Class: Class already exists: INA219
Add Class: Class already exists: INA219
Add Class: Class already exists: INA219
Add Class: Class already exists: INA219
Add Class: Class already exists: INA219
