Added Component: Designator=J8(2 pin header)
Add Pin To Net: Unknown Pin: Pin J4-1
Add Pin To Net: Unknown Pin: Pin J4-2
Add Pin To Net: Unknown Pin: Pin J5-1
Add Pin To Net: Unknown Pin: Pin J5-2
Add Pin To Net: Unknown Pin: Pin J6-1
Add Pin To Net: Unknown Pin: Pin J6-2
Add Pin To Net: Unknown Pin: Pin J7-1
Add Pin To Net: Unknown Pin: Pin J7-2
Add Net: Net with name "+3V3_LDO" already exists
Added Pin To Net: NetName=NetJ1_1 Pin=J1-1
Added Pin To Net: NetName=NetJ1_1 Pin=J8-1
Added Net: Name=NetJ1_1
Add Class: Class already exists: INA219
Add Class: Class already exists: INA219
Add Class: Class already exists: INA219
Add Class: Class already exists: INA219
Add Class: Class already exists: INA219
Add Class Member: Failed to add class member : Component J4 SX1100-B
Add Class Member: Failed to add class member : Component J5 SX1100-B
Add Class Member: Failed to add class member : Component J6 SX1100-B
Add Class Member: Failed to add class member : Component J7 SX1100-B
Added Member To Class: ClassName=Raspberry Pi Member=Component J8 2 pin
