Added Component: Designator=J2(TB003-500-P02BE)
Add component (AddParameter): Name = "Value"; Value = "2 pin"; VariantName = "[No Variations]"
Added Component: Designator=J3(TB003-500-P02BE)
Add component (AddParameter): Name = "Value"; Value = "2 pin"; VariantName = "[No Variations]"
Added Component: Designator=J4(TB003-500-P02BE)
Add component (AddParameter): Name = "Value"; Value = "2 pin"; VariantName = "[No Variations]"
Added Component: Designator=J5(TB003-500-P02BE)
Add component (AddParameter): Name = "Value"; Value = "2 pin"; VariantName = "[No Variations]"
Added Component: Designator=J6(TB003-500-P02BE)
Add component (AddParameter): Name = "Value"; Value = "2 pin"; VariantName = "[No Variations]"
Added Component: Designator=J7(TB003-500-P02BE)
Add component (AddParameter): Name = "Value"; Value = "2 pin"; VariantName = "[No Variations]"
Added Component: Designator=J8(TB003-500-P02BE)
Add component (AddParameter): Name = "Value"; Value = "2 pin"; VariantName = "[No Variations]"
Added Pin To Net: NetName=GND Pin=J3-1
Added Pin To Net: NetName=NetC7_1 Pin=J3-2
Added Pin To Net: NetName=NetJ2_1 Pin=J2-1
Added Pin To Net: NetName=NetJ2_1 Pin=R5-2
Added Pin To Net: NetName=NetJ2_1 Pin=R6-2
Added Net: Name=NetJ2_1
Added Pin To Net: NetName=NetJ2_2 Pin=J2-2
Added Pin To Net: NetName=NetJ2_2 Pin=R6-1
Added Pin To Net: NetName=NetJ2_2 Pin=R7-2
Added Net: Name=NetJ2_2
Added Pin To Net: NetName=NetJ4_1 Pin=J4-1
Added Pin To Net: NetName=NetJ4_1 Pin=R10-2
Added Pin To Net: NetName=NetJ4_1 Pin=R11-2
Added Net: Name=NetJ4_1
Added Pin To Net: NetName=NetJ4_2 Pin=J4-2
Added Pin To Net: NetName=NetJ4_2 Pin=R11-1
Added Pin To Net: NetName=NetJ4_2 Pin=R12-2
Added Net: Name=NetJ4_2
Added Pin To Net: NetName=NetJ5_1 Pin=J5-1
Added Pin To Net: NetName=NetJ5_1 Pin=R15-2
Added Pin To Net: NetName=NetJ5_1 Pin=R16-2
Added Net: Name=NetJ5_1
Added Pin To Net: NetName=NetJ5_2 Pin=J5-2
Added Pin To Net: NetName=NetJ5_2 Pin=R16-1
Added Pin To Net: NetName=NetJ5_2 Pin=R17-2
Added Net: Name=NetJ5_2
Added Pin To Net: NetName=NetJ6_1 Pin=J6-1
Added Pin To Net: NetName=NetJ6_1 Pin=R20-2
Added Pin To Net: NetName=NetJ6_1 Pin=R21-2
Added Net: Name=NetJ6_1
Added Pin To Net: NetName=NetJ6_2 Pin=J6-2
Added Pin To Net: NetName=NetJ6_2 Pin=R21-1
Added Pin To Net: NetName=NetJ6_2 Pin=R22-2
Added Net: Name=NetJ6_2
Added Pin To Net: NetName=NetJ7_1 Pin=J7-1
Added Pin To Net: NetName=NetJ7_1 Pin=R25-2
Added Pin To Net: NetName=NetJ7_1 Pin=R26-2
Added Net: Name=NetJ7_1
Added Pin To Net: NetName=NetJ7_2 Pin=J7-2
Added Pin To Net: NetName=NetJ7_2 Pin=R26-1
Added Pin To Net: NetName=NetJ7_2 Pin=R27-2
Added Net: Name=NetJ7_2
Added Pin To Net: NetName=NetJ8_1 Pin=J8-1
Added Pin To Net: NetName=NetJ8_1 Pin=R30-2
Added Pin To Net: NetName=NetJ8_1 Pin=R31-2
Added Net: Name=NetJ8_1
Added Pin To Net: NetName=NetJ8_2 Pin=J8-2
Added Pin To Net: NetName=NetJ8_2 Pin=R31-1
Added Pin To Net: NetName=NetJ8_2 Pin=R32-2
Added Net: Name=NetJ8_2
Add Class: Class already exists: INA219
Add Class: Class already exists: INA219
Add Class: Class already exists: INA219
Add Class: Class already exists: INA219
Add Class: Class already exists: INA219
Added Member To Class: ClassName=3V3 Low Dropout Regulator Member=Component J3 2 pin
Added Member To Class: ClassName=INA219 Member=Component J8 2 pin
