Removed Pin From Net: NetName=FEEDBACK Pin=C?-1
Removed Pin From Net: NetName=-12V_SW Pin=D?-1
Removed Pin From Net: NetName=FEEDBACK Pin=D?-1
Removed Pin From Net: NetName=-12V_SW Pin=D?-2
Removed Pin From Net: NetName=NetD?_2 Pin=D?-2
Removed Pin From Net: NetName=SW_NODE Pin=D?-3
Removed Pin From Net: NetName=CURRENT_ADJ Pin=R?-2
Removed Pin From Net: NetName=NetD?_2 Pin=R?-2
Change Component Footprint: Designator=D? Old Footprint=0805 LED New Footprint=PMEG045V050EPE
Change Component Footprint: Designator=R? Old Footprint=FP-CRCW0805-e3-IPC_A New Footprint=FP-RT0805-MFG
Change Component Footprint: Designator=R? Old Footprint=FP-RT0805-MFG New Footprint=FP-CRCW0805-e3-IPC_A
Change Component Footprint: Designator=D? Old Footprint=PMEG045V050EPE New Footprint=0805 LED
Change Component Comment : Designator=D? Old Comment=0805 LED New Comment=Schottky Diode
Change Component Comment : Designator=R? Old Comment=CRCW08055K60FKEA New Comment=RT0805DRE07511RL
Change Component Comment : Designator=R? Old Comment=RT0805DRE07511RL New Comment=CRCW08055K60FKEA
Change Component Comment : Designator=D? Old Comment=Schottky Diode New Comment=0805 LED
Change Managed Component Library Link : Designator=R? Old VaultGUID=B7D15EC3-160A-466F-A46C-7801FE6295A7 New VaultGUID=B7D15EC3-160A-466F-A46C-7801FE6295A7 Old ItemGUID=6945B7A9-D4B3-4D79-A747-236984600689 New ItemGUID=C94A4D8B-FE45-4BE9-9DFB-705747C4C738 Old RevisionGUID=A7B1AE57-5480-4AC7-B252-7B4E080A73EE New RevisionGUID=9950A9DC-58FF-4A66-8056-3A8B26C12B22
Change Managed Component Library Link : Designator=R? Old VaultGUID=B7D15EC3-160A-466F-A46C-7801FE6295A7 New VaultGUID=B7D15EC3-160A-466F-A46C-7801FE6295A7 Old ItemGUID=C94A4D8B-FE45-4BE9-9DFB-705747C4C738 New ItemGUID=6945B7A9-D4B3-4D79-A747-236984600689 Old RevisionGUID=9950A9DC-58FF-4A66-8056-3A8B26C12B22 New RevisionGUID=A7B1AE57-5480-4AC7-B252-7B4E080A73EE
Change component parameters: Designator = "R?" ("R?"); Footprint = "FP-CRCW0805-e3-IPC_A"; UniqueID = "\BSCEULYE\HHDOWXGL" ("\BSCEULYE\HHDOWXGL")
Change component parameters (AddParameter): Name = "Automotive"; Value = "No"; VariantName = "[No Variations]"
Change component parameters (AddParameter): Name = "Category"; Value = "Res"; VariantName = "[No Variations]"
Change component parameters (AddParameter): Name = "ComponentLink2Description"; Value = "Datasheet"; VariantName = "[No Variations]"
Change component parameters (AddParameter): Name = "ComponentLink2URL"; Value = "http://www.yageo.com/documents/recent/PYu-RT_1-to-0.01_RoHS_L_9.pdf"; VariantName = "[No Variations]"
Change component parameters (AddParameter): Name = "Composition"; Value = "Thin Film"; VariantName = "[No Variations]"
Change component parameters (AddParameter): Name = "Device Class L1"; Value = "Passive Components"; VariantName = "[No Variations]"
Change component parameters (AddParameter): Name = "Device Class L2"; Value = "Resistors"; VariantName = "[No Variations]"
Change component parameters (AddParameter): Name = "Device Class L3"; Value = "Chip SMD Resistors"; VariantName = "[No Variations]"
Change component parameters (AddParameter): Name = "Digikey Description"; Value = "RES SMD 511 OHM 0.5% 1/8W 0805"; VariantName = "[No Variations]"
Change component parameters (AddParameter): Name = "Footprint Url"; Value = "http://www.yageo.com/exep/pages/download/literatures/PYu-R_Mount_10.pdf"; VariantName = "[No Variations]"
Change component parameters (AddParameter): Name = "Height"; Value = "0.6mm"; VariantName = "[No Variations]"
Change component parameters (AddParameter): Name = "Ipc Land Pattern Name"; Value = "RESC200125X50"; VariantName = "[No Variations]"
Change component parameters (AddParameter): Name = "Lead Free"; Value = "Yes"; VariantName = "[No Variations]"
Change component parameters (AddParameter): Name = "Manufacturer"; Value = "Yageo"; VariantName = "[No Variations]"
Change component parameters (AddParameter): Name = "Manufacturer Part Number"; Value = "RT0805DRE07511RL"; VariantName = "[No Variations]"
Change component parameters (AddParameter): Name = "Octopart"; Value = "https://octopart.com/rt0805dre07511rl-yageo-1369364"; VariantName = "[No Variations]"
Change component parameters (AddParameter): Name = "Package"; Value = "RT0805"; VariantName = "[No Variations]"
Change component parameters (AddParameter): Name = "Power Rating"; Value = "0.125W"; VariantName = "[No Variations]"
Change component parameters (AddParameter): Name = "Resistance"; Value = "511?"; VariantName = "[No Variations]"
Change component parameters (AddParameter): Name = "RoHS"; Value = "TRUE"; VariantName = "[No Variations]"
Change component parameters (AddParameter): Name = "Series"; Value = "RT"; VariantName = "[No Variations]"
Change component parameters (AddParameter): Name = "Temperature"; Value = "-55°C to +155°C"; VariantName = "[No Variations]"
Change component parameters (AddParameter): Name = "Temperature Coefficient"; Value = "50 ppm/°C"; VariantName = "[No Variations]"
Change component parameters (AddParameter): Name = "Temperature Range High"; Value = "+155°C"; VariantName = "[No Variations]"
Change component parameters (AddParameter): Name = "Temperature Range Low"; Value = "-55°C"; VariantName = "[No Variations]"
Change component parameters (AddParameter): Name = "Tolerance"; Value = "0.01"; VariantName = "[No Variations]"
Change component parameters (AddParameter): Name = "Value"; Value = "511?"; VariantName = "[No Variations]"
Change component parameters (AddParameter): Name = "Voltage Rating"; Value = "150V"; VariantName = "[No Variations]"
Change component parameters: Designator = "R?" ("R?"); Footprint = "FP-RT0805-MFG"; UniqueID = "\BSCEULYE\AZITLITS" ("\BSCEULYE\AZITLITS")
Change component parameters (AddParameter): Name = "Case Code (Imperial)"; Value = "0805"; VariantName = "[No Variations]"
Change component parameters (AddParameter): Name = "Case Code (Metric)"; Value = "2012"; VariantName = "[No Variations]"
Change component parameters (AddParameter): Name = "Case/Package"; Value = "0805"; VariantName = "[No Variations]"
Change component parameters (AddParameter): Name = "Composition"; Value = "Thick Film"; VariantName = "[No Variations]"
Change component parameters (AddParameter): Name = "Contact Plating"; Value = "Tin"; VariantName = "[No Variations]"
Change component parameters (AddParameter): Name = "Depth"; Value = "1.25mm"; VariantName = "[No Variations]"
Change component parameters (AddParameter): Name = "Features"; Value = "Automotive AEC-Q200"; VariantName = "[No Variations]"
Change component parameters (AddParameter): Name = "Height"; Value = "0.45mm"; VariantName = "[No Variations]"
Change component parameters (AddParameter): Name = "Lead Free"; Value = "Lead Free"; VariantName = "[No Variations]"
Change component parameters (AddParameter): Name = "Length"; Value = "2mm"; VariantName = "[No Variations]"
Change component parameters (AddParameter): Name = "Max Operating Temperature"; Value = "155°C"; VariantName = "[No Variations]"
Change component parameters (AddParameter): Name = "Max Power Dissipation"; Value = "125mW"; VariantName = "[No Variations]"
Change component parameters (AddParameter): Name = "Military Standard"; Value = "Not"; VariantName = "[No Variations]"
Change component parameters (AddParameter): Name = "Min Operating Temperature"; Value = "-55°C"; VariantName = "[No Variations]"
Change component parameters (AddParameter): Name = "Mount"; Value = "Surface Mount"; VariantName = "[No Variations]"
Change component parameters (AddParameter): Name = "Number of Pins"; Value = "2"; VariantName = "[No Variations]"
Change component parameters (AddParameter): Name = "Number of Terminations"; Value = "2"; VariantName = "[No Variations]"
Change component parameters (AddParameter): Name = "Package Quantity"; Value = "1"; VariantName = "[No Variations]"
Change component parameters (AddParameter): Name = "Packaging"; Value = "Tape and Reel"; VariantName = "[No Variations]"
Change component parameters (AddParameter): Name = "Power Rating"; Value = "125mW"; VariantName = "[No Variations]"
Change component parameters (AddParameter): Name = "Radiation Hardening"; Value = "No"; VariantName = "[No Variations]"
Change component parameters (AddParameter): Name = "Resistance"; Value = "5.6kR"; VariantName = "[No Variations]"
Change component parameters (AddParameter): Name = "Temperature Coefficient"; Value = "100ppm/°C"; VariantName = "[No Variations]"
Change component parameters (AddParameter): Name = "Termination"; Value = "SMD/SMT"; VariantName = "[No Variations]"
Change component parameters (AddParameter): Name = "Tolerance"; Value = "1%"; VariantName = "[No Variations]"
Change component parameters (AddParameter): Name = "Voltage Rating"; Value = "150V"; VariantName = "[No Variations]"
Change component parameters (AddParameter): Name = "Voltage Rating (DC)"; Value = "150V"; VariantName = "[No Variations]"
Change component parameters (AddParameter): Name = "Weight"; Value = "0.000194oz"; VariantName = "[No Variations]"
Change component parameters (AddParameter): Name = "Width"; Value = "1.25mm"; VariantName = "[No Variations]"
Added Pin To Net: NetName=FEEDBACK Pin=C?-1
Added Pin To Net: NetName=-12V_SW Pin=D?-1
Added Pin To Net: NetName=FEEDBACK Pin=D?-1
Added Pin To Net: NetName=-12V_SW Pin=D?-2
Added Pin To Net: NetName=NetD?_2 Pin=D?-2
Added Pin To Net: NetName=SW_NODE Pin=D?-3
Added Pin To Net: NetName=CURRENT_ADJ Pin=R?-2
Added Pin To Net: NetName=NetD?_2 Pin=R?-2
Change Net Name : Old Net Name=-12V_SW New Net Name=NetC?_2
Added Pin To Net: NetName=NetC?_1 Pin=C?-1
Added Pin To Net: NetName=NetC?_1 Pin=IC?-2
Added Net: Name=NetC?_1
Change Class Name : Old Net Name=12V SMPS New Net Name=Designator
Added Member To Class: ClassName=Designator Member=Component C? C0805C471J5GAC
Added Member To Class: ClassName=Designator Member=Component C? 100uF
Added Member To Class: ClassName=Designator Member=Component C? 100uF
Added Member To Class: ClassName=Designator Member=Component D? Schottky Diode
Added Member To Class: ClassName=Designator Member=Component IC? LM2679SX-12
Added Member To Class: ClassName=Designator Member=Component R? CRCW08055K60FKEA
