Change Component Designator: OldDesignator=J? NewDesignator=J2
Added Component: Designator=R35(0805 Resistor - IPC A)
Added Component: Designator=R36(0805 Resistor - IPC A)
Added Pin To Net: NetName=UART_TX Pin=R35-1
Added Pin To Net: NetName=UART_RX Pin=R36-1
Change Net Name : Old Net Name=NetJ?_1 New Net Name=NetJ2_1
Change Net Name : Old Net Name=NetJ?_2 New Net Name=NetJ2_2
Change Net Name : Old Net Name=NetJ?_3 New Net Name=NetJ2_3
Change Net Name : Old Net Name=NetJ?_4 New Net Name=NetJ2_4
Change Net Name : Old Net Name=NetJ?_5 New Net Name=NetJ2_5
Change Net Name : Old Net Name=NetJ?_6 New Net Name=NetJ2_6
Change Net Name : Old Net Name=NetJ?_7 New Net Name=NetJ2_7
Change Net Name : Old Net Name=NetJ?_8 New Net Name=NetJ2_8
Change Net Name : Old Net Name=NetJ?_9 New Net Name=NetJ2_9
Change Net Name : Old Net Name=NetJ?_10 New Net Name=NetJ2_10
Change Net Name : Old Net Name=NetJ?_11 New Net Name=NetJ2_11
Change Net Name : Old Net Name=NetJ?_12 New Net Name=NetJ2_12
Added Pin To Net: NetName=NetR35_2 Pin=R35-2
Added Net: Name=NetR35_2
Added Pin To Net: NetName=NetR36_2 Pin=R36-2
Added Net: Name=NetR36_2
Add Class: Class already exists: INA219
Add Class: Class already exists: INA219
Add Class: Class already exists: INA219
Add Class: Class already exists: INA219
Add Class: Class already exists: INA219
Added Member To Class: ClassName=Raspberry Pi Member=Component R35 0R
Added Member To Class: ClassName=Raspberry Pi Member=Component R36 0R
