Added Pin To Net: NetName=GND Pin=DRIVER1-1
Added Pin To Net: NetName=+3V3_LDO Pin=DRIVER1-2
Added Pin To Net: NetName=GND Pin=DRIVER1-7
Added Pin To Net: NetName=GND Pin=DRIVER2-1
Added Pin To Net: NetName=+3V3_LDO Pin=DRIVER2-2
Added Pin To Net: NetName=GND Pin=DRIVER2-7
Added Pin To Net: NetName=GND Pin=J9-2
Added Pin To Net: NetName=+3V3_LDO Pin=J10-1
Added Pin To Net: NetName=GND Pin=J10-3
Added Pin To Net: NetName=+3V3_LDO Pin=J11-1
Added Pin To Net: NetName=GND Pin=J11-3
Added Pin To Net: NetName=+3V3_LDO Pin=J12-1
Added Pin To Net: NetName=GND Pin=J12-3
Added Pin To Net: NetName=+3V3_LDO Pin=J13-1
Added Pin To Net: NetName=GND Pin=J13-3
Added Pin To Net: NetName=GND Pin=J14-2
Add Class: Class already exists: INA219
Add Class: Class already exists: INA219
Add Class: Class already exists: INA219
Add Class: Class already exists: INA219
Add Class: Class already exists: INA219
