Removed Pin From Net: NetName=GND Pin=DRIVER2-1
Removed Pin From Net: NetName=+3V3_LDO Pin=DRIVER2-2
Removed Pin From Net: NetName=GND Pin=DRIVER2-7
Removed Pin From Net: NetName=+12V_SW Pin=DRIVER2-8
Removed Pin From Net: NetName=NetDRIVER1_9 Pin=DRIVER2-9
Removed Pin From Net: NetName=NetDRIVER1_13 Pin=DRIVER2-13
Removed Pin From Net: NetName=NetDRIVER1_15 Pin=DRIVER2-15
Removed Pin From Net: NetName=NetDRIVER1_16 Pin=DRIVER2-16
Removed Pin From Net: NetName=+12V_SW Pin=J9-1
Removed Pin From Net: NetName=GND Pin=J9-2
Removed Pin From Net: NetName=+3V3_LDO Pin=J10-1
Removed Pin From Net: NetName=GND Pin=J10-3
Removed Pin From Net: NetName=+3V3_LDO Pin=J12-1
Removed Pin From Net: NetName=GND Pin=J12-3
Removed Pin From Net: NetName=+12V_SW Pin=J14-1
Removed Pin From Net: NetName=GND Pin=J14-6
Removed Member From Class: ClassName=TMC2209 Member=DRIVER2
Removed Member From Class: ClassName=TMC2209 Member=J9
Removed Member From Class: ClassName=TMC2209 Member=J10
Removed Member From Class: ClassName=TMC2209 Member=J12
Added Pin To Net: NetName=GND Pin=J14-1
Added Pin To Net: NetName=+12V_SW Pin=J14-6
Add Class: Class already exists: INA219
Add Class: Class already exists: INA219
Add Class: Class already exists: INA219
Add Class: Class already exists: INA219
Add Class: Class already exists: INA219
