Added Component: Designator=J?(12 pin terminal)
Added Pin To Net: NetName=NetJ?_1 Pin=J?-1
Added Pin To Net: NetName=NetJ?_1 Pin=R5-2
Added Pin To Net: NetName=NetJ?_1 Pin=R6-2
Added Net: Name=NetJ?_1
Added Pin To Net: NetName=NetJ?_2 Pin=J?-2
Added Pin To Net: NetName=NetJ?_2 Pin=R6-1
Added Pin To Net: NetName=NetJ?_2 Pin=R7-2
Added Net: Name=NetJ?_2
Added Pin To Net: NetName=NetJ?_3 Pin=J?-3
Added Pin To Net: NetName=NetJ?_3 Pin=R10-2
Added Pin To Net: NetName=NetJ?_3 Pin=R11-2
Added Net: Name=NetJ?_3
Added Pin To Net: NetName=NetJ?_4 Pin=J?-4
Added Pin To Net: NetName=NetJ?_4 Pin=R11-1
Added Pin To Net: NetName=NetJ?_4 Pin=R12-2
Added Net: Name=NetJ?_4
Added Pin To Net: NetName=NetJ?_5 Pin=J?-5
Added Pin To Net: NetName=NetJ?_5 Pin=R15-2
Added Pin To Net: NetName=NetJ?_5 Pin=R16-2
Added Net: Name=NetJ?_5
Added Pin To Net: NetName=NetJ?_6 Pin=J?-6
Added Pin To Net: NetName=NetJ?_6 Pin=R16-1
Added Pin To Net: NetName=NetJ?_6 Pin=R17-2
Added Net: Name=NetJ?_6
Added Pin To Net: NetName=NetJ?_7 Pin=J?-7
Added Pin To Net: NetName=NetJ?_7 Pin=R20-2
Added Pin To Net: NetName=NetJ?_7 Pin=R21-2
Added Net: Name=NetJ?_7
Added Pin To Net: NetName=NetJ?_8 Pin=J?-8
Added Pin To Net: NetName=NetJ?_8 Pin=R21-1
Added Pin To Net: NetName=NetJ?_8 Pin=R22-2
Added Net: Name=NetJ?_8
Added Pin To Net: NetName=NetJ?_9 Pin=J?-9
Added Pin To Net: NetName=NetJ?_9 Pin=R25-2
Added Pin To Net: NetName=NetJ?_9 Pin=R26-2
Added Net: Name=NetJ?_9
Added Pin To Net: NetName=NetJ?_10 Pin=J?-10
Added Pin To Net: NetName=NetJ?_10 Pin=R26-1
Added Pin To Net: NetName=NetJ?_10 Pin=R27-2
Added Net: Name=NetJ?_10
Added Pin To Net: NetName=NetJ?_11 Pin=J?-11
Added Pin To Net: NetName=NetJ?_11 Pin=R30-2
Added Pin To Net: NetName=NetJ?_11 Pin=R31-2
Added Net: Name=NetJ?_11
Added Pin To Net: NetName=NetJ?_12 Pin=J?-12
Added Pin To Net: NetName=NetJ?_12 Pin=R31-1
Added Pin To Net: NetName=NetJ?_12 Pin=R32-2
Added Net: Name=NetJ?_12
Added Class: Name=Callisto Control Board
Add Class: Class already exists: INA219
Add Class: Class already exists: INA219
Add Class: Class already exists: INA219
Add Class: Class already exists: INA219
Add Class: Class already exists: INA219
