Added Component: Designator=DRIVER1(TMC2209)
Added Pin To Net: NetName=M1B Pin=DRIVER1-3
Added Pin To Net: NetName=M1A Pin=DRIVER1-4
Added Pin To Net: NetName=M2A Pin=DRIVER1-5
Added Pin To Net: NetName=M2B Pin=DRIVER1-6
Added Pin To Net: NetName=+12V_SW Pin=DRIVER1-8
Added Pin To Net: NetName=NetDRIVER1_9 Pin=DRIVER1-9
Added Pin To Net: NetName=NetDRIVER1_10 Pin=DRIVER1-10
Added Pin To Net: NetName=NetDRIVER1_11 Pin=DRIVER1-11
Added Pin To Net: NetName=NetDRIVER1_13 Pin=DRIVER1-13
Added Pin To Net: NetName=NetDRIVER1_15 Pin=DRIVER1-15
Added Pin To Net: NetName=NetDRIVER1_16 Pin=DRIVER1-16
Add Net: Net with name "+3V3_LDO" already exists
Add Net: Net with name "GND" already exists
Add Class: Class already exists: INA219
Add Class: Class already exists: INA219
Add Class: Class already exists: INA219
Add Class: Class already exists: INA219
Add Class: Class already exists: INA219
Added Member To Class: ClassName=TMC2209 Member=Component DRIVER1 TMC2209
