Removed Pin From Net: NetName=GPIO_3 Pin=DRIVER1-9
Removed Pin From Net: NetName=GPIO_2 Pin=DRIVER1-15
Removed Pin From Net: NetName=GPIO_0 Pin=DRIVER1-16
Removed Pin From Net: NetName=GPIO_23 Pin=DRIVER2-9
Removed Pin From Net: NetName=NetDRIVER1_13 Pin=DRIVER2-13
Removed Pin From Net: NetName=GPIO_22 Pin=DRIVER2-15
Removed Pin From Net: NetName=GPIO_21 Pin=DRIVER2-16
Removed Pin From Net: NetName=NetDRIVER1_13 Pin=R36-2
Removed Pin From Net: NetName=NetDRIVER1_13 Pin=R37-1
Added Component: Designator=R38(0805 Resistor - IPC A)
Added Component: Designator=R39(0805 Resistor - IPC A)
Added Component: Designator=R40(0805 Resistor - IPC A)
Added Component: Designator=R41(0805 Resistor - IPC A)
Added Component: Designator=R42(0805 Resistor - IPC A)
Added Component: Designator=R43(0805 Resistor - IPC A)
Added Component: Designator=R44(0805 Resistor - IPC A)
Added Component: Designator=R45(0805 Resistor - IPC A)
Added Pin To Net: NetName=GPIO_0 Pin=R38-2
Added Pin To Net: NetName=GPIO_2 Pin=R39-2
Added Pin To Net: NetName=GPIO_3 Pin=R40-2
Added Pin To Net: NetName=GPIO_21 Pin=R41-2
Added Pin To Net: NetName=GPIO_22 Pin=R42-2
Added Pin To Net: NetName=GPIO_23 Pin=R43-2
Added Pin To Net: NetName=NetDRIVER1_13 Pin=R45-1
Added Pin To Net: NetName=NetDRIVER1_9 Pin=DRIVER1-9
Added Pin To Net: NetName=NetDRIVER1_9 Pin=R40-1
Added Net: Name=NetDRIVER1_9
Added Pin To Net: NetName=NetDRIVER1_15 Pin=DRIVER1-15
Added Pin To Net: NetName=NetDRIVER1_15 Pin=R39-1
Added Net: Name=NetDRIVER1_15
Added Pin To Net: NetName=NetDRIVER1_16 Pin=DRIVER1-16
Added Pin To Net: NetName=NetDRIVER1_16 Pin=R38-1
Added Net: Name=NetDRIVER1_16
Added Pin To Net: NetName=NetDRIVER2_9 Pin=DRIVER2-9
Added Pin To Net: NetName=NetDRIVER2_9 Pin=R43-1
Added Net: Name=NetDRIVER2_9
Added Pin To Net: NetName=NetDRIVER2_13 Pin=DRIVER2-13
Added Pin To Net: NetName=NetDRIVER2_13 Pin=R44-1
Added Net: Name=NetDRIVER2_13
Added Pin To Net: NetName=NetDRIVER2_15 Pin=DRIVER2-15
Added Pin To Net: NetName=NetDRIVER2_15 Pin=R42-1
Added Net: Name=NetDRIVER2_15
Added Pin To Net: NetName=NetDRIVER2_16 Pin=DRIVER2-16
Added Pin To Net: NetName=NetDRIVER2_16 Pin=R41-1
Added Net: Name=NetDRIVER2_16
Added Pin To Net: NetName=NetR36_2 Pin=R36-2
Added Pin To Net: NetName=NetR36_2 Pin=R37-1
Added Pin To Net: NetName=NetR36_2 Pin=R44-2
Added Pin To Net: NetName=NetR36_2 Pin=R45-2
Added Net: Name=NetR36_2
Add Class: Class already exists: INA219
Add Class: Class already exists: INA219
Add Class: Class already exists: INA219
Add Class: Class already exists: INA219
Add Class: Class already exists: INA219
Added Member To Class: ClassName=TMC2209 Member=Component R38 0R
Added Member To Class: ClassName=TMC2209 Member=Component R39 0R
Added Member To Class: ClassName=TMC2209 Member=Component R40 0R
Added Member To Class: ClassName=TMC2209 Member=Component R41 0R
Added Member To Class: ClassName=TMC2209 Member=Component R42 0R
Added Member To Class: ClassName=TMC2209 Member=Component R43 0R
Added Member To Class: ClassName=TMC2209 Member=Component R44 0R
Added Member To Class: ClassName=TMC2209 Member=Component R45 0R
