Added Component: Designator=DRIVER2(TMC2209)
Added Component: Designator=J9(6 pin terminal 5 mm)
Added Component: Designator=J10(3 pin header)
Added Component: Designator=J12(3 pin header)
Added Pin To Net: NetName=GND Pin=DRIVER2-1
Added Pin To Net: NetName=+3V3_LDO Pin=DRIVER2-2
Added Pin To Net: NetName=GND Pin=DRIVER2-7
Added Pin To Net: NetName=+12V_SW Pin=DRIVER2-8
Added Pin To Net: NetName=+12V_SW Pin=J9-1
Added Pin To Net: NetName=GND Pin=J9-6
Added Pin To Net: NetName=+3V3_LDO Pin=J10-1
Added Pin To Net: NetName=GND Pin=J10-3
Added Pin To Net: NetName=+3V3_LDO Pin=J12-1
Added Pin To Net: NetName=GND Pin=J12-3
Added Pin To Net: NetName=M1A_CH1 Pin=DRIVER2-4
Added Pin To Net: NetName=M1A_CH1 Pin=J9-4
Added Net: Name=M1A_CH1
Added Pin To Net: NetName=M1B_CH1 Pin=DRIVER2-3
Added Pin To Net: NetName=M1B_CH1 Pin=J9-5
Added Net: Name=M1B_CH1
Added Pin To Net: NetName=M2A_CH1 Pin=DRIVER2-5
Added Pin To Net: NetName=M2A_CH1 Pin=J9-3
Added Net: Name=M2A_CH1
Added Pin To Net: NetName=M2B_CH1 Pin=DRIVER2-6
Added Pin To Net: NetName=M2B_CH1 Pin=J9-2
Added Net: Name=M2B_CH1
Added Pin To Net: NetName=NetDRIVER2_9 Pin=DRIVER2-9
Added Net: Name=NetDRIVER2_9
Added Pin To Net: NetName=NetDRIVER2_10 Pin=DRIVER2-10
Added Pin To Net: NetName=NetDRIVER2_10 Pin=J12-2
Added Net: Name=NetDRIVER2_10
Added Pin To Net: NetName=NetDRIVER2_11 Pin=DRIVER2-11
Added Pin To Net: NetName=NetDRIVER2_11 Pin=J10-2
Added Net: Name=NetDRIVER2_11
Added Pin To Net: NetName=NetDRIVER2_13 Pin=DRIVER2-13
Added Net: Name=NetDRIVER2_13
Added Pin To Net: NetName=NetDRIVER2_15 Pin=DRIVER2-15
Added Net: Name=NetDRIVER2_15
Added Pin To Net: NetName=NetDRIVER2_16 Pin=DRIVER2-16
Added Net: Name=NetDRIVER2_16
Add Class: Class already exists: INA219
Add Class: Class already exists: INA219
Add Class: Class already exists: INA219
Add Class: Class already exists: INA219
Add Class: Class already exists: INA219
Added Member To Class: ClassName=TMC2209 Member=Component DRIVER2 TMC2209
Added Member To Class: ClassName=TMC2209 Member=Component J9 6 pin
Added Member To Class: ClassName=TMC2209 Member=Component J10 3 pin
Added Member To Class: ClassName=TMC2209 Member=Component J12 3 pin
