Change Component Designator: OldDesignator=J? NewDesignator=J14
Added Component: Designator=DRIVER2(TMC2209)
Added Component: Designator=J9(6 pin terminal 5 mm)
Added Component: Designator=J10(3 pin header)
Added Component: Designator=J12(3 pin header)
Added Pin To Net: NetName=M1B Pin=DRIVER2-3
Added Pin To Net: NetName=M1A Pin=DRIVER2-4
Added Pin To Net: NetName=M2A Pin=DRIVER2-5
Added Pin To Net: NetName=M2B Pin=DRIVER2-6
Added Pin To Net: NetName=+12V_SW Pin=DRIVER2-8
Added Pin To Net: NetName=NetDRIVER1_9 Pin=DRIVER2-9
Added Pin To Net: NetName=NetDRIVER1_13 Pin=DRIVER2-13
Added Pin To Net: NetName=NetDRIVER1_15 Pin=DRIVER2-15
Added Pin To Net: NetName=NetDRIVER1_16 Pin=DRIVER2-16
Added Pin To Net: NetName=+12V_SW Pin=J9-1
Added Pin To Net: NetName=M1B Pin=J9-3
Added Pin To Net: NetName=M1A Pin=J9-4
Added Pin To Net: NetName=M2A Pin=J9-5
Added Pin To Net: NetName=M2B Pin=J9-6
Add Net: Net with name "+3V3_LDO" already exists
Add Net: Net with name "GND" already exists
Added Pin To Net: NetName=NetDRIVER2_10 Pin=DRIVER2-10
Added Pin To Net: NetName=NetDRIVER2_10 Pin=J12-2
Added Net: Name=NetDRIVER2_10
Added Pin To Net: NetName=NetDRIVER2_11 Pin=DRIVER2-11
Added Pin To Net: NetName=NetDRIVER2_11 Pin=J10-2
Added Net: Name=NetDRIVER2_11
Add Class: Class already exists: INA219
Add Class: Class already exists: INA219
Add Class: Class already exists: INA219
Add Class: Class already exists: INA219
Add Class: Class already exists: INA219
Added Member To Class: ClassName=TMC2209 Member=Component DRIVER2 TMC2209
Added Member To Class: ClassName=TMC2209 Member=Component J9 6 pin
Added Member To Class: ClassName=TMC2209 Member=Component J10 3 pin
Added Member To Class: ClassName=TMC2209 Member=Component J12 3 pin
