Removed Pin From Net: NetName=+12V_SW Pin=J9-2
Removed Pin From Net: NetName=NetDRIVER1_4 Pin=J10-1
Removed Pin From Net: NetName=NetDRIVER1_3 Pin=J10-2
Removed Pin From Net: NetName=NetDRIVER1_6 Pin=J12-1
Removed Pin From Net: NetName=NetDRIVER1_5 Pin=J12-2
Removed Member From Class: ClassName=TMC2209 Member=J9
Removed Member From Class: ClassName=TMC2209 Member=J10
Removed Member From Class: ClassName=TMC2209 Member=J12
Added Component: Designator=J?(6 pin terminal 5 mm)
Add Pin To Net: Unknown Pin: Pin DRIVER1-3
Add Pin To Net: Unknown Pin: Pin DRIVER1-4
Add Pin To Net: Unknown Pin: Pin DRIVER1-5
Add Pin To Net: Unknown Pin: Pin DRIVER1-6
Add Pin To Net: Unknown Pin: Pin DRIVER1-8
Add Pin To Net: Unknown Pin: Pin DRIVER1-9
Add Pin To Net: Unknown Pin: Pin DRIVER1-10
Add Pin To Net: Unknown Pin: Pin DRIVER1-11
Add Pin To Net: Unknown Pin: Pin DRIVER1-13
Add Pin To Net: Unknown Pin: Pin DRIVER1-15
Add Pin To Net: Unknown Pin: Pin DRIVER1-16
Add Pin To Net: Unknown Pin: Pin J11-2
Add Pin To Net: Unknown Pin: Pin J13-2
Added Pin To Net: NetName=+12V_SW Pin=J?-1
Added Pin To Net: NetName=NetDRIVER1_3 Pin=J?-3
Added Pin To Net: NetName=NetDRIVER1_4 Pin=J?-4
Added Pin To Net: NetName=NetDRIVER1_5 Pin=J?-5
Added Pin To Net: NetName=NetDRIVER1_6 Pin=J?-6
Add Net: Net with name "+3V3_LDO" already exists
Add Net: Net with name "GND" already exists
Add Class: Class already exists: INA219
Add Class: Class already exists: INA219
Add Class: Class already exists: INA219
Add Class: Class already exists: INA219
Add Class: Class already exists: INA219
Add Class Member: Failed to add class member : Component DRIVER1 TMC2209
Add Class Member: Failed to add class member : Component J11 3 pin
Add Class Member: Failed to add class member : Component J13 3 pin
Added Member To Class: ClassName=TMC2209 Member=Component J? 6 pin
