Add Pin To Net: Unknown Pin: Pin DRIVER1-8
Add Pin To Net: Unknown Pin: Pin DRIVER1-9
Add Pin To Net: Unknown Pin: Pin DRIVER1-10
Add Pin To Net: Unknown Pin: Pin DRIVER1-11
Add Pin To Net: Unknown Pin: Pin DRIVER1-13
Add Pin To Net: Unknown Pin: Pin DRIVER1-15
Add Pin To Net: Unknown Pin: Pin DRIVER1-16
Add Pin To Net: Unknown Pin: Pin J11-2
Add Pin To Net: Unknown Pin: Pin J13-2
Add Net: Net with name "+3V3_LDO" already exists
Add Net: Net with name "GND" already exists
Added Pin To Net: NetName=M1A Pin=J?-4
Added Net: Name=M1A
Added Pin To Net: NetName=M1B Pin=J?-3
Added Net: Name=M1B
Added Pin To Net: NetName=M2A Pin=J?-5
Added Net: Name=M2A
Added Pin To Net: NetName=M2B Pin=J?-6
Added Net: Name=M2B
Add Class: Class already exists: INA219
Add Class: Class already exists: INA219
Add Class: Class already exists: INA219
Add Class: Class already exists: INA219
Add Class: Class already exists: INA219
Add Class Member: Failed to add class member : Component DRIVER1 TMC2209
Add Class Member: Failed to add class member : Component J11 3 pin
Add Class Member: Failed to add class member : Component J13 3 pin
