Removed Pin From Net: NetName=+3V3_LDO Pin=IC4-1
Removed Pin From Net: NetName=SDA Pin=IC4-2
Removed Pin From Net: NetName=GND Pin=IC5-1
Removed Pin From Net: NetName=SCL Pin=IC5-2
Removed Pin From Net: NetName=SDA Pin=IC6-1
Removed Pin From Net: NetName=GND Pin=IC6-2
Removed Pin From Net: NetName=SDA Pin=IC7-1
Removed Pin From Net: NetName=SDA Pin=IC8-1
Removed Pin From Net: NetName=SCL Pin=IC8-2
Added Pin To Net: NetName=GND Pin=IC4-1
Added Pin To Net: NetName=+3V3_LDO Pin=IC4-2
Added Pin To Net: NetName=+3V3_LDO Pin=IC5-1
Added Pin To Net: NetName=GND Pin=IC5-2
Added Pin To Net: NetName=+3V3_LDO Pin=IC6-1
Added Pin To Net: NetName=+3V3_LDO Pin=IC6-2
Added Pin To Net: NetName=+3V3_LDO Pin=IC7-1
Added Pin To Net: NetName=GND Pin=IC8-1
Added Pin To Net: NetName=SDA Pin=IC8-2
Add Class: Class already exists: INA219
Add Class: Class already exists: INA219
Add Class: Class already exists: INA219
Add Class: Class already exists: INA219
Add Class: Class already exists: INA219
